<?xml version="1.0" encoding="UTF-8"?>
<!-- Generated by org.testng.reporters.JUnitReportReporter -->
<testsuite skipped="0" hostname="DESKTOP-FR57AJN" name="Cas.Click" tests="1" failures="0" timestamp="2020-06-09T12:04:54 WEST" time="38.259" errors="0">
  <testcase name="Clicking" time="38.259" classname="Cas.Click"/>
  <system-out/>
</testsuite> <!-- Cas.Click -->
